Timestamp: 2021-01-25 16:42:40.010418
  System    Low (F)     Avg (F)    High (F)    Low (C)     Avg (C)    High (C)    Error Count    Alarm Count
--------  ----------  ---------  ----------  ----------  ---------  ----------  -------------  -------------
       3     68.8094    72.1098     78.6171     20.4497    22.2832     25.8984              0              1
       1     70.4857    71.1311     71.925      21.3809    21.7395     22.1806              0              0
       2     69.4908    70.347      70.9895     20.8282    21.3039     21.6608              0              0
Timestamp: 2021-01-25 16:43:10.025973
  System    Low (F)     Avg (F)    High (F)    Low (C)     Avg (C)    High (C)    Error Count    Alarm Count
--------  ----------  ---------  ----------  ----------  ---------  ----------  -------------  -------------
       3     61.3097    70.1748     78.6171     16.2832    21.2082     25.8984              0              2
       1     68.7741    70.7074     71.925      20.4301    21.5041     22.1806              0              0
       2     61.945     68.9982     71.5695     16.6361    20.5546     21.9831              0              1
Timestamp: 2021-01-25 16:43:40.060285
  System    Low (F)     Avg (F)    High (F)    Low (C)     Avg (C)    High (C)    Error Count    Alarm Count
--------  ----------  ---------  ----------  ----------  ---------  ----------  -------------  -------------
       3     61.3097    69.9316     78.6171     16.2832    21.0731     25.8984              0              2
       1     60.6986    69.5353     71.925      15.9436    20.853      22.1806              1              1
       2     61.945     69.3871     71.6206     16.6361    20.7706     22.0114              0              1
Timestamp: 2021-01-25 16:44:10.094458
  System    Low (F)     Avg (F)    High (F)    Low (C)     Avg (C)    High (C)    Error Count    Alarm Count
--------  ----------  ---------  ----------  ----------  ---------  ----------  -------------  -------------
       3     61.3097    68.4807     71.7445     16.2832    20.267      22.0803              0              3
       1     60.0572    68.2096     71.925      15.5873    20.1165     22.1806              1              2
       2     60.1746    70.1617     79.1336     15.6526    21.2009     26.1853              0              4
Timestamp: 2021-01-25 16:44:40.125686
  System    Low (F)     Avg (F)    High (F)    Low (C)     Avg (C)    High (C)    Error Count    Alarm Count
--------  ----------  ---------  ----------  ----------  ---------  ----------  -------------  -------------
       3     60.9963    68.2094     71.6656     16.109     20.1163     22.0364              0              4
       1     60.0572    66.7949     71.6954     15.5873    19.3305     22.053               1              3
       2     60.1746    70.7576     79.1336     15.6526    21.532      26.1853              0              4
Timestamp: 2021-01-25 16:45:10.155900
  System    Low (F)     Avg (F)    High (F)    Low (C)     Avg (C)    High (C)    Error Count    Alarm Count
--------  ----------  ---------  ----------  ----------  ---------  ----------  -------------  -------------
       3     60.9963    67.7743     71.5454     16.109     19.8746     21.9697              1              4
       1     60.0572    67.9128     71.6954     15.5873    19.9515     22.053               1              3
       2     60.1746    69.6431     79.1336     15.6526    20.9129     26.1853              1              5
Timestamp: 2021-01-25 16:45:40.184658
  System    Low (F)     Avg (F)    High (F)    Low (C)     Avg (C)    High (C)    Error Count    Alarm Count
--------  ----------  ---------  ----------  ----------  ---------  ----------  -------------  -------------
       3     60.9963    69.0409     71.7189     16.109     20.5783     22.0661              1              4
       1     60.0572    68.353      71.6954     15.5873    20.1961     22.053               1              3
       2     60.1746    67.2284     71.2374     15.6526    19.5713     21.7985              3              5
Timestamp: 2021-01-25 16:46:10.211180
  System    Low (F)     Avg (F)    High (F)    Low (C)     Avg (C)    High (C)    Error Count    Alarm Count
--------  ----------  ---------  ----------  ----------  ---------  ----------  -------------  -------------
       3     60.5082    68.0124     71.7189     15.8379    20.0069     22.0661              1              5
       1     69.5524    71.528      78.9929     20.8625    21.96       26.1071              2              4
       2     60.2716    68.3599     70.6041     15.7064    20.1999     21.4467              3              5
Timestamp: 2021-01-25 16:46:40.241338
  System    Low (F)     Avg (F)    High (F)    Low (C)     Avg (C)    High (C)    Error Count    Alarm Count
--------  ----------  ---------  ----------  ----------  ---------  ----------  -------------  -------------
       3     60.5082    68.8432     71.7189     15.8379    20.4684     22.0661              2              5
       1     69.673     71.6992     78.9929     20.9294    22.0551     26.1071              2              4
       2     60.2716    68.522      71.4078     15.7064    20.29       21.8932              3              5
Timestamp: 2021-01-25 16:47:10.254598
  System    Low (F)     Avg (F)    High (F)    Low (C)     Avg (C)    High (C)    Error Count    Alarm Count
--------  ----------  ---------  ----------  ----------  ---------  ----------  -------------  -------------
       3     60.5082    68.8239     70.9374     15.8379    20.4577     21.6319              2              5
       1     70.0788    71.8416     78.9929     21.1549    22.1342     26.1071              2              4
       2     68.3192    70.0194     71.6631     20.1773    21.1219     22.0351              3              5
